Command line invocation:
    /Applications/Xcode.app/Contents/Developer/usr/bin/xcodebuild -project "Tshiakani VTC.xcodeproj" -scheme "Tshiakani VTC" -configuration Debug build

Resolve Package Graph


Resolved source packages:
  GooglePlaces: https://github.com/googlemaps/ios-places-sdk @ 10.4.0
  swift-algorithms: https://github.com/apple/swift-algorithms.git @ 1.2.1
  swift-numerics: https://github.com/apple/swift-numerics.git @ 1.1.1
  GoogleMaps: https://github.com/googlemaps/ios-maps-sdk @ 10.4.0

2025-11-12 12:46:39.544 xcodebuild[11110:79293] [MT] IDERunDestination: Supported platforms for the buildables in the current scheme is empty.
--- xcodebuild: WARNING: Using the first of multiple matching destinations:
{ platform:macOS, arch:arm64, variant:Designed for [iPad,iPhone], id:00008103-000D05160130801E, name:My Mac }
{ platform:iOS, id:dvtdevice-DVTiPhonePlaceholder-iphoneos:placeholder, name:Any iOS Device }
{ platform:iOS Simulator, id:dvtdevice-DVTiOSDeviceSimulatorPlaceholder-iphonesimulator:placeholder, name:Any iOS Simulator Device }
{ platform:iOS Simulator, arch:arm64, id:972CB78B-3ED1-4A67-80F4-4ECE65790473, OS:26.0.1, name:iPad (A16) }
{ platform:iOS Simulator, arch:arm64, id:7017865E-1915-49A6-A286-A810859D50EE, OS:26.0.1, name:iPad Air 11-inch (M3) }
{ platform:iOS Simulator, arch:arm64, id:C6A06C28-C6DC-4890-8F1D-8A6DA1DE20DA, OS:26.0.1, name:iPad Air 13-inch (M3) }
{ platform:iOS Simulator, arch:arm64, id:61A13238-BEC9-4FEB-9756-EE7945253268, OS:26.0.1, name:iPad Pro 11-inch (M4) }
{ platform:iOS Simulator, arch:arm64, id:CF7C05A9-4BD0-4CCE-A03F-C0E378561D0D, OS:26.0.1, name:iPad Pro 13-inch (M4) }
{ platform:iOS Simulator, arch:arm64, id:23A6C6E2-7B70-4494-A8DA-EEB7A13AB8B9, OS:26.0.1, name:iPad mini (A17 Pro) }
{ platform:iOS Simulator, arch:arm64, id:4007E97E-38F6-4BB6-B3B4-22C627CD895E, OS:26.0.1, name:iPhone 16e }
{ platform:iOS Simulator, arch:arm64, id:2EFC745A-4FA8-417B-8765-A40C7D0BCC52, OS:26.0.1, name:iPhone 17 }
{ platform:iOS Simulator, arch:arm64, id:2E27DF9D-6876-4686-9802-D0A50FDF9F23, OS:26.0.1, name:iPhone 17 Pro }
{ platform:iOS Simulator, arch:arm64, id:514AD21F-C97B-4ED6-81D1-41FE99FB30ED, OS:26.0.1, name:iPhone 17 Pro Max }
{ platform:iOS Simulator, arch:arm64, id:79B20FBA-65AA-4AB1-BFA2-AA6E45AF42F3, OS:26.0.1, name:iPhone Air }
{ platform:iOS, arch:arm64, id:00008150-000C196E02F8401C, name:iPhone }
ComputePackagePrebuildTargetDependencyGraph

Prepare packages

CreateBuildRequest

SendProjectDescription

CreateBuildOperation

ComputeTargetDependencyGraph
note: Building targets in dependency order
note: Target dependency graph (7 targets)
    Target 'Tshiakani VTC' in project 'Tshiakani VTC'
        ➜ Explicit dependency on target 'GoogleMaps' in project 'GoogleMaps'
        ➜ Explicit dependency on target 'GooglePlaces' in project 'GooglePlaces'
    Target 'GooglePlaces' in project 'GooglePlaces'
        ➜ Explicit dependency on target 'GooglePlacesTarget' in project 'GooglePlaces'
        ➜ Explicit dependency on target 'GooglePlaces_GooglePlacesTarget' in project 'GooglePlaces'
    Target 'GooglePlacesTarget' in project 'GooglePlaces'
        ➜ Explicit dependency on target 'GooglePlaces_GooglePlacesTarget' in project 'GooglePlaces'
    Target 'GooglePlaces_GooglePlacesTarget' in project 'GooglePlaces' (no dependencies)
    Target 'GoogleMaps' in project 'GoogleMaps'
        ➜ Explicit dependency on target 'GoogleMapsTarget' in project 'GoogleMaps'
        ➜ Explicit dependency on target 'GoogleMaps_GoogleMapsTarget' in project 'GoogleMaps'
    Target 'GoogleMapsTarget' in project 'GoogleMaps'
        ➜ Explicit dependency on target 'GoogleMaps_GoogleMapsTarget' in project 'GoogleMaps'
    Target 'GoogleMaps_GoogleMapsTarget' in project 'GoogleMaps' (no dependencies)

GatherProvisioningInputs

CreateBuildDescription

ExecuteExternalTool /Applications/Xcode.app/Contents/Developer/Toolchains/XcodeDefault.xctoolchain/usr/bin/clang -v -E -dM -isysroot /Applications/Xcode.app/Contents/Developer/Platforms/iPhoneOS.platform/Developer/SDKs/iPhoneOS26.0.sdk -x c -c /dev/null

ExecuteExternalTool /Applications/Xcode.app/Contents/Developer/Toolchains/XcodeDefault.xctoolchain/usr/bin/clang -v -E -dM -arch arm64 -isysroot /Applications/Xcode.app/Contents/Developer/Platforms/iPhoneOS.platform/Developer/SDKs/iPhoneOS26.0.sdk -x objective-c -c /dev/null

ExecuteExternalTool /Applications/Xcode.app/Contents/Developer/usr/bin/actool --print-asset-tag-combinations --output-format xml1 /Users/admin/Documents/Tshiakani VTC/Tshiakani VTC/Assets.xcassets

ExecuteExternalTool /Applications/Xcode.app/Contents/Developer/usr/bin/actool --version --output-format xml1

ExecuteExternalTool /Applications/Xcode.app/Contents/Developer/Toolchains/XcodeDefault.xctoolchain/usr/bin/swiftc --version

ExecuteExternalTool /Applications/Xcode.app/Contents/Developer/Toolchains/XcodeDefault.xctoolchain/usr/bin/clang -v -E -dM -arch arm64 -isysroot /Applications/Xcode.app/Contents/Developer/Platforms/iPhoneOS.platform/Developer/SDKs/iPhoneOS26.0.sdk -x c -c /dev/null

ExecuteExternalTool /Applications/Xcode.app/Contents/Developer/Toolchains/XcodeDefault.xctoolchain/usr/bin/ld -version_details

Build description signature: 0dfa58ffb1afab941f6666f20f4a7c78
Build description path: /Users/admin/Library/Developer/Xcode/DerivedData/Tshiakani_VTC-duetcenfcnuuwofxmoqrcjdsbwuj/Build/Intermediates.noindex/XCBuildData/0dfa58ffb1afab941f6666f20f4a7c78.xcbuilddata
/Users/admin/Documents/Tshiakani VTC/Tshiakani VTC.xcodeproj: error: Provisioning profile "iOS Team Provisioning Profile: com.bruno.tshiakaniVTC" doesn't include the currently selected device "iMac de Admin" (identifier 00008103-000D05160130801E). (in target 'Tshiakani VTC' from project 'Tshiakani VTC')
/Users/admin/Documents/Tshiakani VTC/Tshiakani VTC.xcodeproj: warning: The Copy Bundle Resources build phase contains this target's Info.plist file '/Users/admin/Documents/Tshiakani VTC/Tshiakani VTC/Info.plist'. (in target 'Tshiakani VTC' from project 'Tshiakani VTC')
** BUILD FAILED **


The following build commands failed:
	Building project Tshiakani VTC with scheme Tshiakani VTC and configuration Debug
(1 failure)
